<?xml version="1.0" encoding="UTF-8"?>
<!-- Generated by org.testng.reporters.JUnitXMLReporter -->
<testsuite ignored="4" hostname="LAPTOP-CPNPGO56" failures="0" tests="1" name="Default test" time="25.444" errors="0" timestamp="2023-04-07T12:10:03 IST">
  <testcase classname="com.peony22A.ProductTest" name="verifySearchResultForWatchUnder999" time="23.731"/>
  <testcase classname="com.peony22A.ProductTest" name="verifySearchResultForPoloMen" time="0.0">
    <ignored/>
  </testcase> <!-- verifySearchResultForPoloMen -->
  <testcase classname="com.peony22A.ProductTest" name="verifySearchResultForPoloMenUsingOR" time="0.0">
    <ignored/>
  </testcase> <!-- verifySearchResultForPoloMenUsingOR -->
  <testcase classname="com.peony22A.ProductTest" name="verifySearchResultForPoloForMen" time="0.0">
    <ignored/>
  </testcase> <!-- verifySearchResultForPoloForMen -->
  <testcase classname="com.peony22A.ProductTest" name="verifyCategeriesForTopWear" time="0.0">
    <ignored/>
  </testcase> <!-- verifyCategeriesForTopWear -->
</testsuite> <!-- Default test -->
