<?xml version="1.0" encoding="UTF-8"?>
<testng-results ignored="4" total="5" passed="1" failed="0" skipped="0">
  <reporter-output>
  </reporter-output>
  <suite started-at="2023-04-07T12:09:37 IST" name="Default suite" finished-at="2023-04-07T12:10:03 IST" duration-ms="25444">
    <groups>
    </groups>
    <test started-at="2023-04-07T12:09:37 IST" name="Default test" finished-at="2023-04-07T12:10:03 IST" duration-ms="25444">
      <class name="com.peony22A.ProductTest">
        <test-method is-config="true" signature="setUp(java.lang.String)[pri:0, instance:com.peony22A.ProductTest@13fd2ccd]" started-at="2023-04-07T12:09:37 IST" name="setUp" finished-at="2023-04-07T12:09:39 IST" duration-ms="1571" status="PASS">
          <params>
            <param index="0">
              <value is-null="true"/>
            </param>
          </params>
          <reporter-output>
          </reporter-output>
        </test-method> <!-- setUp -->
        <test-method signature="verifySearchResultForWatchUnder999()[pri:0, instance:com.peony22A.ProductTest@13fd2ccd]" started-at="2023-04-07T12:09:39 IST" name="verifySearchResultForWatchUnder999" finished-at="2023-04-07T12:10:02 IST" duration-ms="23731" status="PASS">
          <reporter-output>
          </reporter-output>
        </test-method> <!-- verifySearchResultForWatchUnder999 -->
        <test-method is-config="true" signature="tearDown()[pri:0, instance:com.peony22A.ProductTest@13fd2ccd]" started-at="2023-04-07T12:10:02 IST" name="tearDown" finished-at="2023-04-07T12:10:03 IST" duration-ms="104" status="PASS">
          <reporter-output>
          </reporter-output>
        </test-method> <!-- tearDown -->
      </class> <!-- com.peony22A.ProductTest -->
    </test> <!-- Default test -->
  </suite> <!-- Default suite -->
</testng-results>
